{
  "RSpec": {
    "coverage": {
      "/Users/guilhermesena/code/Cabs/app/helpers/application_helper.rb": [
        1,
        null
      ],
      "/Users/guilhermesena/code/Cabs/app/helpers/articles_helper.rb": [
        1,
        null
      ],
      "/Users/guilhermesena/code/Cabs/app/channels/application_cable/channel.rb": [
        0,
        0,
        0,
        0
      ],
      "/Users/guilhermesena/code/Cabs/app/channels/application_cable/connection.rb": [
        0,
        0,
        0,
        0
      ],
      "/Users/guilhermesena/code/Cabs/app/controllers/application_controller.rb": [
        0,
        0
      ],
      "/Users/guilhermesena/code/Cabs/app/controllers/articles_controller.rb": [
        0,
        0,
        0,
        0
      ],
      "/Users/guilhermesena/code/Cabs/app/jobs/application_job.rb": [
        0,
        null,
        null,
        null,
        null,
        null,
        0
      ],
      "/Users/guilhermesena/code/Cabs/app/mailers/application_mailer.rb": [
        0,
        0,
        0,
        0
      ],
      "/Users/guilhermesena/code/Cabs/app/models/application_record.rb": [
        0,
        0,
        0
      ]
    },
    "timestamp": 1665019876
  }
}
