SF:./app/channels/application_cable/channel.rb
DA:1,0
DA:2,0
DA:3,0
DA:4,0
end_of_record
SF:./app/channels/application_cable/connection.rb
DA:1,0
DA:2,0
DA:3,0
DA:4,0
end_of_record
SF:./app/controllers/application_controller.rb
DA:1,0
DA:2,0
end_of_record
SF:./app/controllers/articles_controller.rb
DA:1,0
DA:2,0
DA:3,0
DA:4,0
end_of_record
SF:./app/helpers/application_helper.rb
DA:1,0
DA:2,0
end_of_record
SF:./app/helpers/articles_helper.rb
DA:1,0
DA:2,0
end_of_record
SF:./app/jobs/application_job.rb
DA:1,0
DA:7,0
end_of_record
SF:./app/mailers/application_mailer.rb
DA:1,0
DA:2,0
DA:3,0
DA:4,0
end_of_record
SF:./app/models/application_record.rb
DA:1,0
DA:2,0
DA:3,0
end_of_record
SF:./lib/tasks/cucumber.rake
DA:8,2
DA:10,1
DA:11,1
DA:14,1
DA:16,1
DA:17,1
DA:18,1
DA:19,1
DA:20,1
DA:23,1
DA:24,1
DA:25,1
DA:26,1
DA:29,1
DA:30,1
DA:31,1
DA:32,1
DA:35,1
DA:36,1
DA:38,1
DA:39,0
DA:40,0
DA:41,0
DA:46,1
DA:47,1
DA:49,1
DA:51,1
DA:52,0
DA:56,1
DA:59,1
DA:63,0
DA:64,0
DA:65,0
end_of_record
